2017-12-07 07:17:45  AbstractConnector:array (
  'seller_id' => '126074',
  'order_type' => 2701,
  'out_trade_no' => 'xqwertbgsj1987654341',
  'pay_body' => '我是一个测试啊',
  'total_fee' => 100,
  'notify_url' => 'xxxx',
  'return_url' => 'xxxx',
  'spbill_create_ip' => '127.0.0.1',
  'spbill_times' => 1512631065,
  'noncestr' => 1512631065,
  'remark' => 1512631065,
  'sign' => 'UWoClUI3Zhi2dP7h59ZmCuneFOjLDGytNyrF7mkl9tdch7YiRBFznudzulLt6rT0gybDJNRPvef1aMJoUJ7T8uqErEwV+KOVEjt9VezYGNGnKAsGhX+KC41FHCooaotF8ICZHPL0UBL34TwUVlKnM7ZzVn5fZKbsfcwCXsbZ5tk=',
)
2017-12-07 07:18:36  AbstractConnector:array (
  'seller_id' => '126074',
  'order_type' => 2701,
  'out_trade_no' => 'xqwertbgsj1987654341',
  'pay_body' => '我是一个测试啊',
  'total_fee' => 100,
  'notify_url' => 'xxxx',
  'return_url' => 'xxxx',
  'spbill_create_ip' => '127.0.0.1',
  'spbill_times' => 1512631116,
  'noncestr' => 1512631116,
  'remark' => 1512631116,
  'sign' => 'Noo/eh44RsrtBUH5lL3DdjFMXAqhG20GYDIypnzYtXh6qgmr8wjSW+Di7z8ank3+O+W7lNBll1AJ6pndq8xYqSEynPbnJQaUY+sRZA2iOfflFYSxQQKQG/hqaeu8YxNwfB21qmUMHXRL2lLsDnjF0+sTbCesUVTN3jctdANGtT4=',
)
2017-12-07 07:18:55  AbstractConnector:array (
  'seller_id' => '126074',
  'order_type' => 2701,
  'out_trade_no' => 'xqwertbgsj1987654341',
  'pay_body' => '我是一个测试啊',
  'total_fee' => 100,
  'notify_url' => 'xxxx',
  'return_url' => 'xxxx',
  'spbill_create_ip' => '127.0.0.1',
  'spbill_times' => 1512631135,
  'noncestr' => 1512631135,
  'remark' => 1512631135,
  'sign' => 'PYocwo4ZIjhj5jQittoMrfzVg9JJiaqZdylOb3npl0e+V4xfmxdICB9dbbOmN2m6RUvS5jwHuphzk6PXK8qvxz11tYum22T/SS4C5VohvNz4i6GiShEjMcF7dAqH1AmQWx/nIdYTbWoHwW7+hm8hGgkEz1yt/cokFS0u/zCkCcM=',
)
2017-12-07 07:19:35  AbstractConnector:array (
  'seller_id' => '126074',
  'order_type' => 2701,
  'out_trade_no' => 'xqwertbgsj1987654341',
  'pay_body' => '我是一个测试啊',
  'total_fee' => 100,
  'notify_url' => 'xxxx',
  'return_url' => 'xxxx',
  'spbill_create_ip' => '127.0.0.1',
  'spbill_times' => 1512631175,
  'noncestr' => 1512631175,
  'remark' => 1512631175,
  'sign' => 'VdDxcl7CyMZL9dlAkBhKX7/c2LNYiKs+r5ygwebhUoJ1qEvBTr44xkH7N0TSDuApuBP/K54QP6D6PkN0kY1SUyaTOQOJc5R1n02Pv2WoLw+doOZCHi+4dcqDvKgeTPo6hDVI3zhOOgfpcIbuW8vSh64gkbeggCxH/ogdfi6qB+A=',
)
2017-12-07 07:19:38  AbstractConnector:array (
  'seller_id' => '126074',
  'order_type' => 2701,
  'out_trade_no' => 'xqwertbgsj1987654341',
  'pay_body' => '我是一个测试啊',
  'total_fee' => 100,
  'notify_url' => 'xxxx',
  'return_url' => 'xxxx',
  'spbill_create_ip' => '127.0.0.1',
  'spbill_times' => 1512631178,
  'noncestr' => 1512631178,
  'remark' => 1512631178,
  'sign' => 'K8bAqD9E9y3bmGii1Sckjj66lw0JfEEbaKsy0xDk8zjSi7gzdFWeioxTzX5XuEE/sJcJt0aKEcJCCs3+YbjQ9G6BogHj3Zrw4wEmVbCtr7gy6sW2Ki6GLEDD7pU3JYwlSz7mmEn1GvsSO5DY3OTDq8WbrKbTesw9CAgZ7hAe8YE=',
)
2017-12-07 07:26:26  AbstractConnector:array (
  'seller_id' => '126074',
  'order_type' => 2701,
  'out_trade_no' => 'xqwertbgsj1987654341',
  'pay_body' => '我是一个测试啊',
  'total_fee' => 100,
  'notify_url' => 'xxxx',
  'return_url' => 'xxxx',
  'spbill_create_ip' => '127.0.0.1',
  'spbill_times' => 1512631586,
  'noncestr' => 1512631586,
  'remark' => 1512631586,
  'sign' => 'WhGDQ8RxY+F79xxZeBdm2iIZ5X8VGcX3LpF1pd21X3Fsi68rb1RJgKE8zJwMFSy+ij/9sIbkfnNn81EGMRav5LrwNZooFkv1BTpAYe10ZpJKfAFTCRHDnQQEmBF5KTHaefX/YHnnPcjSHP5k8htzCHtDgodgGXtayiNmHQamXYE=',
)
2017-12-07 07:26:50  AbstractConnector:array (
  'seller_id' => '126074',
  'order_type' => 2701,
  'out_trade_no' => 'xqwertbgsj1987654341',
  'pay_body' => '我是一个测试啊',
  'total_fee' => 100,
  'notify_url' => 'xxxx',
  'return_url' => 'xxxx',
  'spbill_create_ip' => '127.0.0.1',
  'spbill_times' => 1512631610,
  'noncestr' => 1512631610,
  'remark' => 1512631610,
  'sign' => 'l/siP6rpjEdEsqgpm2R3tcNq/nW9C8wKsU16olMeNHD4qETi931j0BXpmUv+ITNkbj+9IVp0f2roqIhYwgmoF5xJ8HRSI7E3HCQxGnfcmRtbTjWdgXZqJJyBqz+fGdc0tjiUF5gleq0u0e3BMEqwi5v9L5nNb8LPNjOhOfPYvG4=',
)
2017-12-07 07:27:11  AbstractConnector:array (
  'seller_id' => '126074',
  'order_type' => 2701,
  'out_trade_no' => 'xqwertbgsj1987654341',
  'pay_body' => '我是一个测试啊',
  'total_fee' => 100,
  'notify_url' => 'xxxx',
  'return_url' => 'xxxx',
  'spbill_create_ip' => '127.0.0.1',
  'spbill_times' => 1512631631,
  'noncestr' => 1512631631,
  'remark' => 1512631631,
  'sign' => 'NJ9mhect1d/P05QmyVlRZLfyLeow6oFLL6F8HupR6W5BYJtzJ9ZWPRnK+UdiEuI2K6vJH5FiEWzzZwVaIss/z1NrrlGgzQgPzZRuejOWzbJkpQ11eqHWsexjoe4Kjq+PYz4WDS3BkMRxT1NGRyXN5YNDRUXl81oKxQGWuc4APKg=',
)
2017-12-07 07:27:59  AbstractConnector:array (
  'seller_id' => '126074',
  'order_type' => 2701,
  'out_trade_no' => 'xqwertbgsj1987654341',
  'pay_body' => '我是一个测试啊',
  'total_fee' => 100,
  'notify_url' => 'xxxx',
  'return_url' => 'xxxx',
  'spbill_create_ip' => '127.0.0.1',
  'spbill_times' => 1512631679,
  'noncestr' => 1512631679,
  'remark' => 1512631679,
  'sign' => 'HSmcgsXdcILxz43CxpVcsz/udLu9r47g8X2sH2kmrNl57dfBGCZFwvedfpENychmpGtc54jkB6PbbvoUREY6XedYDH6UXpTjFui8wqwzwi+GJitIUazDNMaOJ3ssdBYHnFtE808RKvRuctTEvGtykKcIth2E0Sc4YQdD1I16lFI=',
)
2017-12-07 07:28:41  AbstractConnector:array (
  'seller_id' => '126074',
  'order_type' => 2701,
  'out_trade_no' => 'xqwertbgsj1987654341',
  'pay_body' => '我是一个测试啊',
  'total_fee' => 100,
  'notify_url' => 'http://xxxx.com',
  'return_url' => 'http://xxxx.com',
  'spbill_create_ip' => '127.0.0.1',
  'spbill_times' => 1512631721,
  'noncestr' => 1512631721,
  'remark' => 1512631721,
  'sign' => 'f/CpIYcj1vuxsSe1r4MDPTj8lwU+Ewgt5o21F4DU82Gd8CY9LPp8IvSjg7E0h6lGUc85oO5+G6HGwo49Nwqn13Une9OQ6oFfJznRaXy4w8MpAoADEnyN8Ef7xfVMVULurfDhZW5BOc+SfaquXFXjeyQu5Yun/b35OmcpbJrxtpo=',
)
2017-12-07 07:29:18  AbstractConnector:array (
  'seller_id' => '126074',
  'order_type' => 2701,
  'out_trade_no' => 'xqwertbgsj1987654341',
  'pay_body' => '我是一个测试啊',
  'total_fee' => 100,
  'notify_url' => 'http://xxxx.com',
  'return_url' => 'http://xxxx.com',
  'spbill_create_ip' => '127.0.0.1',
  'spbill_times' => 1512631758,
  'noncestr' => 1512631758,
  'remark' => 1512631758,
  'sign' => 'rK/f2aTAqzE8IWAVbEiXLKDtJvcjF7s861KxsqJOqDKnIndnukqICoHMkZg5haoFvV1XR+nckK95oD5hqdj2mnB7Kr69ZfR9MSYeP/lfKZ794/uRP11Av/pEqXVLB8DLlvCw1VtsFdxdo0Eq9jCpwDpYw76kPr26vC5aul/1VDw=',
)
2017-12-07 07:30:03  AbstractConnector:array (
  'seller_id' => '126074',
  'order_type' => 2701,
  'out_trade_no' => 'xqwertbgsj1987654341',
  'pay_body' => '我是一个测试啊',
  'total_fee' => 100,
  'notify_url' => 'http://xxxx.com',
  'return_url' => 'http://xxxx.com',
  'spbill_create_ip' => '127.0.0.1',
  'spbill_times' => 1512631803,
  'noncestr' => 1512631803,
  'remark' => 1512631803,
  'sign' => 'UMs1+nuSE8q8Ws1JHhiakqb+Cflh4tb8W8NEwCTfscKJRcdo3C8wPf6C9X3u6IjMr7p4+jLh/9jEInpBcd5MGs7tCaJ+4ABU7EysmTbxSW3eqIEX4ldAVSwuPerCL0zm+SFgZmyZxuCofqtxGcW1Ls1Pj8WPSA4osbgz+iEpf7Q=',
)
2017-12-07 07:30:22  AbstractConnector:array (
  'seller_id' => '126074',
  'order_type' => 2701,
  'out_trade_no' => 'xqwertbgsj1987654341',
  'pay_body' => '我是一个测试啊',
  'total_fee' => 1000,
  'notify_url' => 'http://xxxx.com',
  'return_url' => 'http://xxxx.com',
  'spbill_create_ip' => '127.0.0.1',
  'spbill_times' => 1512631822,
  'noncestr' => 1512631822,
  'remark' => 1512631822,
  'sign' => 'JTln8TjX0r9OZKyNlnNInGVHG2dogKjYYsiDHtW1VGnSqZH06tSJFLATsvEucEr7wMM76GP3YepxuNxCXVVPYWccOjdQ00PQ+t8W9WJ/AApoCeMCBwT4VHRaxZ5IabRfUxPmO3N7LLCauNwucq9lxvg7IVzUUjIg634SXWgR1to=',
)
2017-12-07 07:31:04  AbstractConnector:array (
  'seller_id' => '126074',
  'order_type' => 2701,
  'out_trade_no' => 'xqwertbgsj1987654341863',
  'pay_body' => '我是一个测试啊',
  'total_fee' => 1000,
  'notify_url' => 'http://xxxx.com',
  'return_url' => 'http://xxxx.com',
  'spbill_create_ip' => '127.0.0.1',
  'spbill_times' => 1512631864,
  'noncestr' => 1512631864,
  'remark' => 1512631864,
  'sign' => 'dmvwq0HEKza9bZVVJ4ua171E7ahM9UfN8tZPGAliClHhkxyVBwsmiRp/aGDm+mfI0iu8STRH4go6ipLaqw3cDOkQvsFWNCA0g/gtQMbYYvComzjJU0aQhSk6Gjbw3eNrncvL3c08dUExz9cXVC6lXovPLzPyZVEgbsm6NvxJSg4=',
)
2017-12-07 07:32:13  AbstractConnector:array (
  'seller_id' => '126074',
  'order_type' => 2701,
  'out_trade_no' => 'xqwertbgsj1987654341812',
  'pay_body' => '我是一个测试啊',
  'total_fee' => 1000,
  'notify_url' => 'http://xxxx.com',
  'return_url' => 'http://xxxx.com',
  'spbill_create_ip' => '127.0.0.1',
  'spbill_times' => 1512631933,
  'noncestr' => 1512631933,
  'remark' => 1512631933,
  'sign' => 'CDynZO9H5ZqCaQWnwYx/s2440QVI4CijXXjlosBMU79LfHg3ZNsQkAopFhMqMSYzcQEh+GKWecfGKIgi/9M0RZUFlSK6OOVmahj+FZBFeao7CXBlyoXgly+Z5ug7M6HOmnUKqXQkBFBoWTffTkP65eVqWsDQefGb9U+DtcJhNXM=',
)
2017-12-07 07:32:52  AbstractConnector:array (
  'seller_id' => '126074',
  'order_type' => 2701,
  'out_trade_no' => 'xqwertbgsj1987654341309',
  'pay_body' => '我是一个测试啊',
  'total_fee' => 1000,
  'notify_url' => 'http://xxxx.com',
  'return_url' => 'http://xxxx.com',
  'spbill_create_ip' => '127.0.0.1',
  'spbill_times' => 1512631972,
  'noncestr' => 1512631972,
  'remark' => 1512631972,
  'sign' => 'ae2YcH4KbCqYS+KLdTVmNzCOKTUvo55cA0b17beGxFdSgZmcpH+n5J+fJ8rv6poRqyh+zLOv4h7XP+Lw4lfnn7Iqgoul8O/j17HneQR9MU+dz0hyT/FO2s3fCsVRXCX10TXzEXYPmTnUS5gTHdjd3IryBQXah7EonN/bp8aN03M=',
)
2017-12-07 07:34:32  AbstractConnector:array (
  'seller_id' => '126074',
  'order_type' => 2701,
  'out_trade_no' => 'xqwertbgsj1987654341727',
  'pay_body' => '我是一个测试啊',
  'total_fee' => 1000,
  'notify_url' => 'http://xxxx.com',
  'return_url' => 'http://xxxx.com',
  'spbill_create_ip' => '127.0.0.1',
  'spbill_times' => 1512632072,
  'noncestr' => 1512632072,
  'remark' => 1512632072,
  'sign' => 'HpoZcB7ZtCndNQpEtLBqFJuR3BIb0ghRn4BHbV2i30jsWSQyY0q+sSWnT11mQvUo2Vkabv73K5Wh0VXIQHuc3GB1W91O4A5vR+jy0vYKbekYz3NB5rxT3lR6QX8ymYHo20g9dVr2Azm3po1kxCESoWoeHDHVJX3/LNEf5v1dcws=',
)
2017-12-07 07:34:44  AbstractConnector:array (
  'seller_id' => '126074',
  'order_type' => 2701,
  'out_trade_no' => 'xqwertbgsj1987654341420',
  'pay_body' => '我是一个测试啊',
  'total_fee' => 1000,
  'notify_url' => 'http://xxxx.com',
  'return_url' => 'http://xxxx.com',
  'spbill_create_ip' => '127.0.0.1',
  'spbill_times' => 1512632084,
  'noncestr' => 1512632084,
  'remark' => 1512632084,
  'sign' => 'Vjd7w3qaL8dydsrDELbKlcernbztpOAis39CdftUz3pqGlkx2PVDsusOrZsRH9yvB6FIDJGBQrdoHuDGtvZGV2mQVFBuosYDaK8y1hPka567lASiaaZmyrLTFY79SJ9EHu9HYgHkoK+jwqaQeETeSuLOatDaD/+kK/hAaLQc934=',
)
2017-12-07 07:37:11  AbstractConnector:array (
  'seller_id' => '126074',
  'order_type' => 2701,
  'out_trade_no' => 'xqwertbgsj1987654341790',
  'pay_body' => '我是一个测试啊',
  'total_fee' => 1000,
  'notify_url' => 'http://xxxx.com',
  'return_url' => 'http://xxxx.com',
  'spbill_create_ip' => '127.0.0.1',
  'spbill_times' => 1512632231,
  'noncestr' => 1512632231,
  'remark' => 1512632231,
  'sign' => 'GjbI1FsHzignk67WqHuH+eJ7l9bKNy2LIN6T01GPoRPJS/pHG4IfH+eeoWq6nvNSBkbcGw10wsf1f/eitffnxuKJH8f2CXB/1Fht8+K2jXPVjJ7xILKi2p1UOD1jqDQOH1TVqA9L36o/4shXM9orb7C4Vb7WsLr+8ZWdgiLiRUA=',
)
2017-12-07 07:37:25  AbstractConnector:array (
  'seller_id' => '126074',
  'order_type' => 2701,
  'out_trade_no' => 'xqwertbgsj1987654341387',
  'pay_body' => '我是一个测试啊',
  'total_fee' => 1000,
  'notify_url' => 'http://xxxx.com',
  'return_url' => 'http://xxxx.com',
  'spbill_create_ip' => '127.0.0.1',
  'spbill_times' => 1512632245,
  'noncestr' => 1512632245,
  'remark' => 1512632245,
  'sign' => 'wsoTNDpjeHO5kAY7nnldee4/u5ibp4ShJypYD4ck2fkwLMrXylYFiv08Io86t2rShlyE/3BzV02voa4YmvwMipJqhWiowcuSTzN63Iwn2lbCO1HDcKFh9qVnHtn8o8owVTB01Vw4vKomRL5umw7GNjt1r5DwPbJdE536JV1sz9w=',
)
2017-12-07 07:39:08  AbstractConnector:array (
  'seller_id' => '126074',
  'order_type' => 2701,
  'out_trade_no' => 'xqwertbgsj1987654341295',
  'pay_body' => '我是一个测试啊',
  'total_fee' => 1000,
  'notify_url' => 'http://xxxx.com',
  'return_url' => 'http://xxxx.com',
  'spbill_create_ip' => '127.0.0.1',
  'spbill_times' => 1512632348,
  'noncestr' => 1512632348,
  'remark' => 1512632348,
  'sign' => 'uykzZrR8w0MZ5tQuSugwVMF22HQd40bCv2M3sKrTohObUAER5QPQlv+CXXnp1lfxvB1O9y7uVC0egWhKGiFUqe5jqmt/t015a8Io+O9+C5F/Oe4L4oizhdDkfGyNtm+QrQGudivKL8qn2Wjp3A9zrMNmqEGwV0SY4EQC762YzyU=',
)
2017-12-07 07:41:22  AbstractConnector:array (
  'seller_id' => '126074',
  'order_type' => 2701,
  'out_trade_no' => 'xqwertbgsj1987654341548',
  'pay_body' => '我是一个测试啊',
  'total_fee' => 1000,
  'notify_url' => 'http://xxxx.com',
  'return_url' => 'http://xxxx.com',
  'spbill_create_ip' => '127.0.0.1',
  'spbill_times' => 1512632482,
  'noncestr' => 1512632482,
  'remark' => 1512632482,
  'sign' => 'iIq25xgYclY7VQfHKU7vZVdjmcMX5JOxRsvhpZXYDGJOdX1yW3psddmZfV+d/MoGdncQnf7a72Xy60W2a+giFUY6zN1RYJ4cPCMaATUM5s59WNptQtVwXUXiAUmyt8itbO+pexFtQ+OkLaWEWaRADzT4VlWY04UFtcjqPJUpu30=',
)
2017-12-07 07:42:31  AbstractConnector:array (
  'seller_id' => '126074',
  'order_type' => 2701,
  'out_trade_no' => 'xqwertbgsj1987654341274',
  'pay_body' => '我是一个测试啊',
  'total_fee' => 1000,
  'notify_url' => 'http://xxxx.com',
  'return_url' => 'http://xxxx.com',
  'spbill_create_ip' => '127.0.0.1',
  'spbill_times' => 1512632551,
  'noncestr' => 1512632551,
  'remark' => 1512632551,
  'sign' => 'cWyoQPAe1Y2fJGS29pO/hZMOQ8NP4tM576m/IPS8hGeRddjYO/3LAWkmvV/1I02ORTuRIkSYCfxg2jQ5wo41TSQFokkY9ygObQ0nIvqeNAUmcyfgANbl6R+KN5tCr5lxmVkOcfyOJTFsiS3pNvq9rDumGX/KAl+6yqgGmHakcVk=',
)
2017-12-07 07:44:27  AbstractConnector:array (
  'seller_id' => '126074',
  'order_type' => 2701,
  'out_trade_no' => 'xqwertbgsj1987654341405',
  'pay_body' => '我是一个测试啊',
  'total_fee' => 1000,
  'notify_url' => 'http://xxxx.com',
  'return_url' => 'http://xxxx.com',
  'spbill_create_ip' => '127.0.0.1',
  'spbill_times' => 1512632667,
  'noncestr' => 1512632667,
  'remark' => 1512632667,
  'sign' => 'ua1lJoym3qdC/IumR9V2JUrCCzPtZs21mFE63BjW3hRTome3F0S0dfC6sdBpBvwURTGDl8y61f9q3tELWFN8RP8g+mhFzMVz55fT1aqWFuZFolWUgcKlp0wWuNHfRSAC0dWVx0ndi1Xa20rS/XqOhK57af57ZqTeCKQ3DuXcRdk=',
)
2017-12-07 07:44:47  AbstractConnector:array (
  'seller_id' => '126074',
  'order_type' => 2701,
  'out_trade_no' => 'xqwertbgsj1987654341391',
  'pay_body' => '我是一个测试啊',
  'total_fee' => 1000,
  'notify_url' => 'http://xxxx.com',
  'return_url' => 'http://xxxx.com',
  'spbill_create_ip' => '127.0.0.1',
  'spbill_times' => 1512632687,
  'noncestr' => 1512632687,
  'remark' => 1512632687,
  'sign' => 'uLs+23Ypl3n6elG06OGyPCO/WSeh+z5QFl1PlOFcyU6yPO41iJOZs5gK3NszuNF13W9xpwG+Q4yXv6gLYJah+mUMQ7B2yXzgmpH8mxrLafbN52UsfacLnDoqow8KvxttId7+pvCASYyeh+9DFyazVjC9zhvQyzjOBuCsEo9+ZGU=',
)
2017-12-07 07:45:24  AbstractConnector:array (
  'seller_id' => '126074',
  'order_type' => 2701,
  'out_trade_no' => 'xqwertbgsj1987654341196',
  'pay_body' => '我是一个测试啊',
  'total_fee' => 1000,
  'notify_url' => 'http://xxxx.com',
  'return_url' => 'http://xxxx.com',
  'spbill_create_ip' => '127.0.0.1',
  'spbill_times' => 1512632724,
  'noncestr' => 1512632724,
  'remark' => 1512632724,
  'sign' => 'hXSb/pN0fppdS21yju7tspZ84EJK5Wr2NK9Bgh/dqot/PA/GgEecmrXodqGaAENYQ9zYBvmOjO69eCHeiz4JccOvhlmUwp3bcJTh1QDfnNYk/LAFtHsI+fCuhGqYmzG5oQJqPOpUkqDCo9Ld3xYzdJaKhK6i7XVi+Y0Zp/a6k7k=',
)
